<?xml version="1.0" encoding="UTF-8"?>
<testsuite xmlns:xsi="http://www.w3.org/2001/XMLSchema-instance" xsi:noNamespaceSchemaLocation="https://maven.apache.org/surefire/maven-surefire-plugin/xsd/surefire-test-report.xsd" name="org.example.CalculatorTest" time="0.001" tests="7" errors="0" skipped="0" failures="0">
  <properties>
[...]
</properties>
  <testcase name="TestAddTwoPositiveIntegers" classname="org.example.CalculatorTest" time="0"/>
  <testcase name="TestAddPositiveAndNegativeIntegers" classname="org.example.CalculatorTest" time="0"/>
  <testcase name="TestAddTwoZeros" classname="org.example.CalculatorTest" time="0"/>
  <testcase name="TestAddZeroAndNegativeIntegers" classname="org.example.CalculatorTest" time="0"/>
  <testcase name="TestSubtractTwoPositiveIntegersWithNegativeResult" classname="org.example.CalculatorTest" time="0"/>
  <testcase name="TestAddZeroAndPositiveIntegers" classname="org.example.CalculatorTest" time="0"/>
  <testcase name="TestSubtractTwoPositiveIntegers" classname="org.example.CalculatorTest" time="0.001"/>
</testsuite>